#-----------------------------------------------------------
# Vivado v2018.3 (64-bit)
# SW Build 2405991 on Thu Dec  6 23:38:27 MST 2018
# IP Build 2404404 on Fri Dec  7 01:43:56 MST 2018
# Start of session at: Fri Jul 26 22:05:00 2024
# Process ID: 20628
# Current directory: F:/miniRV-HITSZ
# Command line: vivado.exe -gui_launcher_event rodinguilauncherevent25224 F:\miniRV-HITSZ\miniRV-HITSZ.xpr
# Log file: F:/miniRV-HITSZ/vivado.log
# Journal file: F:/miniRV-HITSZ\vivado.jou
#-----------------------------------------------------------
start_gui
open_project F:/miniRV-HITSZ/miniRV-HITSZ.xpr
Scanning sources...
Finished scanning sources
INFO: [IP_Flow 19-234] Refreshing IP repositories
INFO: [IP_Flow 19-1704] No user IP repositories specified
INFO: [IP_Flow 19-2313] Loaded Vivado IP repository 'D:/Xilinx/Vivado/2018.3/data/ip'.
open_project: Time (s): cpu = 00:00:05 ; elapsed = 00:00:07 . Memory (MB): peak = 1090.375 ; gain = 197.582
update_compile_order -fileset sources_1
synth_design -rtl -name rtl_1
Command: synth_design -rtl -name rtl_1
Starting synth_design
Using part: xc7a100tfgg484-1
Top: miniRV_SoC
---------------------------------------------------------------------------------
Starting RTL Elaboration : Time (s): cpu = 00:00:01 ; elapsed = 00:00:02 . Memory (MB): peak = 1091.148 ; gain = 0.000
---------------------------------------------------------------------------------
INFO: [Synth 8-6157] synthesizing module 'miniRV_SoC' [F:/miniRV-HITSZ/miniRV-HITSZ.srcs/sources_1/new/miniRV_SoC.v:5]
INFO: [Synth 8-6157] synthesizing module 'myCPU' [F:/miniRV-HITSZ/miniRV-HITSZ.srcs/sources_1/new/myCPU.v:5]
INFO: [Synth 8-6157] synthesizing module 'NPC' [F:/miniRV-HITSZ/miniRV-HITSZ.srcs/sources_1/new/NPC.v:27]
INFO: [Synth 8-226] default block is never used [F:/miniRV-HITSZ/miniRV-HITSZ.srcs/sources_1/new/NPC.v:38]
INFO: [Synth 8-6155] done synthesizing module 'NPC' (1#1) [F:/miniRV-HITSZ/miniRV-HITSZ.srcs/sources_1/new/NPC.v:27]
INFO: [Synth 8-6157] synthesizing module 'PC' [F:/miniRV-HITSZ/miniRV-HITSZ.srcs/sources_1/new/PC.v:23]
INFO: [Synth 8-6155] done synthesizing module 'PC' (2#1) [F:/miniRV-HITSZ/miniRV-HITSZ.srcs/sources_1/new/PC.v:23]
INFO: [Synth 8-6157] synthesizing module 'SEXT' [F:/miniRV-HITSZ/miniRV-HITSZ.srcs/sources_1/new/SEXT.v:30]
INFO: [Synth 8-6155] done synthesizing module 'SEXT' (3#1) [F:/miniRV-HITSZ/miniRV-HITSZ.srcs/sources_1/new/SEXT.v:30]
INFO: [Synth 8-6157] synthesizing module 'WSEL' [F:/miniRV-HITSZ/miniRV-HITSZ.srcs/sources_1/new/WSEL.v:28]
INFO: [Synth 8-226] default block is never used [F:/miniRV-HITSZ/miniRV-HITSZ.srcs/sources_1/new/WSEL.v:37]
INFO: [Synth 8-6155] done synthesizing module 'WSEL' (4#1) [F:/miniRV-HITSZ/miniRV-HITSZ.srcs/sources_1/new/WSEL.v:28]
INFO: [Synth 8-6157] synthesizing module 'DRAM_EXT' [F:/miniRV-HITSZ/miniRV-HITSZ.srcs/sources_1/new/DRAM_EXT.v:23]
INFO: [Synth 8-6155] done synthesizing module 'DRAM_EXT' (5#1) [F:/miniRV-HITSZ/miniRV-HITSZ.srcs/sources_1/new/DRAM_EXT.v:23]
INFO: [Synth 8-6157] synthesizing module 'Controller' [F:/miniRV-HITSZ/miniRV-HITSZ.srcs/sources_1/new/Controller.v:24]
INFO: [Synth 8-6155] done synthesizing module 'Controller' (6#1) [F:/miniRV-HITSZ/miniRV-HITSZ.srcs/sources_1/new/Controller.v:24]
INFO: [Synth 8-6157] synthesizing module 'RF' [F:/miniRV-HITSZ/miniRV-HITSZ.srcs/sources_1/new/RF.v:23]
INFO: [Synth 8-6155] done synthesizing module 'RF' (7#1) [F:/miniRV-HITSZ/miniRV-HITSZ.srcs/sources_1/new/RF.v:23]
INFO: [Synth 8-6157] synthesizing module 'ALU_B' [F:/miniRV-HITSZ/miniRV-HITSZ.srcs/sources_1/new/ALU_B.v:23]
INFO: [Synth 8-6155] done synthesizing module 'ALU_B' (8#1) [F:/miniRV-HITSZ/miniRV-HITSZ.srcs/sources_1/new/ALU_B.v:23]
INFO: [Synth 8-6157] synthesizing module 'ALU_A' [F:/miniRV-HITSZ/miniRV-HITSZ.srcs/sources_1/new/ALU_A.v:23]
INFO: [Synth 8-6155] done synthesizing module 'ALU_A' (9#1) [F:/miniRV-HITSZ/miniRV-HITSZ.srcs/sources_1/new/ALU_A.v:23]
INFO: [Synth 8-6157] synthesizing module 'ALU' [F:/miniRV-HITSZ/miniRV-HITSZ.srcs/sources_1/new/ALU.v:23]
INFO: [Synth 8-6155] done synthesizing module 'ALU' (10#1) [F:/miniRV-HITSZ/miniRV-HITSZ.srcs/sources_1/new/ALU.v:23]
INFO: [Synth 8-6157] synthesizing module 'DRAM_IN' [F:/miniRV-HITSZ/miniRV-HITSZ.srcs/sources_1/new/DRAM_IN.v:23]
INFO: [Synth 8-6155] done synthesizing module 'DRAM_IN' (11#1) [F:/miniRV-HITSZ/miniRV-HITSZ.srcs/sources_1/new/DRAM_IN.v:23]
INFO: [Synth 8-6155] done synthesizing module 'myCPU' (12#1) [F:/miniRV-HITSZ/miniRV-HITSZ.srcs/sources_1/new/myCPU.v:5]
INFO: [Synth 8-6157] synthesizing module 'IROM' [F:/miniRV-HITSZ/.Xil/Vivado-20628-ClientOrchid/realtime/IROM_stub.v:6]
INFO: [Synth 8-6155] done synthesizing module 'IROM' (13#1) [F:/miniRV-HITSZ/.Xil/Vivado-20628-ClientOrchid/realtime/IROM_stub.v:6]
WARNING: [Synth 8-689] width (16) of port connection 'a' does not match port width (14) of module 'IROM' [F:/miniRV-HITSZ/miniRV-HITSZ.srcs/sources_1/new/miniRV_SoC.v:103]
INFO: [Synth 8-6157] synthesizing module 'Bridge' [F:/miniRV-HITSZ/miniRV-HITSZ.srcs/sources_1/new/Bridge.v:5]
INFO: [Synth 8-6155] done synthesizing module 'Bridge' (14#1) [F:/miniRV-HITSZ/miniRV-HITSZ.srcs/sources_1/new/Bridge.v:5]
INFO: [Synth 8-6157] synthesizing module 'DRAM' [F:/miniRV-HITSZ/.Xil/Vivado-20628-ClientOrchid/realtime/DRAM_stub.v:6]
INFO: [Synth 8-6155] done synthesizing module 'DRAM' (15#1) [F:/miniRV-HITSZ/.Xil/Vivado-20628-ClientOrchid/realtime/DRAM_stub.v:6]
WARNING: [Synth 8-3848] Net dig_en in module/entity miniRV_SoC does not have driver. [F:/miniRV-HITSZ/miniRV-HITSZ.srcs/sources_1/new/miniRV_SoC.v:11]
WARNING: [Synth 8-3848] Net DN_A in module/entity miniRV_SoC does not have driver. [F:/miniRV-HITSZ/miniRV-HITSZ.srcs/sources_1/new/miniRV_SoC.v:12]
WARNING: [Synth 8-3848] Net DN_B in module/entity miniRV_SoC does not have driver. [F:/miniRV-HITSZ/miniRV-HITSZ.srcs/sources_1/new/miniRV_SoC.v:13]
WARNING: [Synth 8-3848] Net DN_C in module/entity miniRV_SoC does not have driver. [F:/miniRV-HITSZ/miniRV-HITSZ.srcs/sources_1/new/miniRV_SoC.v:14]
WARNING: [Synth 8-3848] Net DN_D in module/entity miniRV_SoC does not have driver. [F:/miniRV-HITSZ/miniRV-HITSZ.srcs/sources_1/new/miniRV_SoC.v:15]
WARNING: [Synth 8-3848] Net DN_E in module/entity miniRV_SoC does not have driver. [F:/miniRV-HITSZ/miniRV-HITSZ.srcs/sources_1/new/miniRV_SoC.v:16]
WARNING: [Synth 8-3848] Net DN_F in module/entity miniRV_SoC does not have driver. [F:/miniRV-HITSZ/miniRV-HITSZ.srcs/sources_1/new/miniRV_SoC.v:17]
WARNING: [Synth 8-3848] Net DN_G in module/entity miniRV_SoC does not have driver. [F:/miniRV-HITSZ/miniRV-HITSZ.srcs/sources_1/new/miniRV_SoC.v:18]
WARNING: [Synth 8-3848] Net DN_DP in module/entity miniRV_SoC does not have driver. [F:/miniRV-HITSZ/miniRV-HITSZ.srcs/sources_1/new/miniRV_SoC.v:19]
WARNING: [Synth 8-3848] Net led in module/entity miniRV_SoC does not have driver. [F:/miniRV-HITSZ/miniRV-HITSZ.srcs/sources_1/new/miniRV_SoC.v:20]
INFO: [Synth 8-6155] done synthesizing module 'miniRV_SoC' (16#1) [F:/miniRV-HITSZ/miniRV-HITSZ.srcs/sources_1/new/miniRV_SoC.v:5]
WARNING: [Synth 8-3331] design miniRV_SoC has unconnected port dig_en[7]
WARNING: [Synth 8-3331] design miniRV_SoC has unconnected port dig_en[6]
WARNING: [Synth 8-3331] design miniRV_SoC has unconnected port dig_en[5]
WARNING: [Synth 8-3331] design miniRV_SoC has unconnected port dig_en[4]
WARNING: [Synth 8-3331] design miniRV_SoC has unconnected port dig_en[3]
WARNING: [Synth 8-3331] design miniRV_SoC has unconnected port dig_en[2]
WARNING: [Synth 8-3331] design miniRV_SoC has unconnected port dig_en[1]
WARNING: [Synth 8-3331] design miniRV_SoC has unconnected port dig_en[0]
WARNING: [Synth 8-3331] design miniRV_SoC has unconnected port DN_A
WARNING: [Synth 8-3331] design miniRV_SoC has unconnected port DN_B
WARNING: [Synth 8-3331] design miniRV_SoC has unconnected port DN_C
WARNING: [Synth 8-3331] design miniRV_SoC has unconnected port DN_D
WARNING: [Synth 8-3331] design miniRV_SoC has unconnected port DN_E
WARNING: [Synth 8-3331] design miniRV_SoC has unconnected port DN_F
WARNING: [Synth 8-3331] design miniRV_SoC has unconnected port DN_G
WARNING: [Synth 8-3331] design miniRV_SoC has unconnected port DN_DP
WARNING: [Synth 8-3331] design miniRV_SoC has unconnected port led[23]
WARNING: [Synth 8-3331] design miniRV_SoC has unconnected port led[22]
WARNING: [Synth 8-3331] design miniRV_SoC has unconnected port led[21]
WARNING: [Synth 8-3331] design miniRV_SoC has unconnected port led[20]
WARNING: [Synth 8-3331] design miniRV_SoC has unconnected port led[19]
WARNING: [Synth 8-3331] design miniRV_SoC has unconnected port led[18]
WARNING: [Synth 8-3331] design miniRV_SoC has unconnected port led[17]
WARNING: [Synth 8-3331] design miniRV_SoC has unconnected port led[16]
WARNING: [Synth 8-3331] design miniRV_SoC has unconnected port led[15]
WARNING: [Synth 8-3331] design miniRV_SoC has unconnected port led[14]
WARNING: [Synth 8-3331] design miniRV_SoC has unconnected port led[13]
WARNING: [Synth 8-3331] design miniRV_SoC has unconnected port led[12]
WARNING: [Synth 8-3331] design miniRV_SoC has unconnected port led[11]
WARNING: [Synth 8-3331] design miniRV_SoC has unconnected port led[10]
WARNING: [Synth 8-3331] design miniRV_SoC has unconnected port led[9]
WARNING: [Synth 8-3331] design miniRV_SoC has unconnected port led[8]
WARNING: [Synth 8-3331] design miniRV_SoC has unconnected port led[7]
WARNING: [Synth 8-3331] design miniRV_SoC has unconnected port led[6]
WARNING: [Synth 8-3331] design miniRV_SoC has unconnected port led[5]
WARNING: [Synth 8-3331] design miniRV_SoC has unconnected port led[4]
WARNING: [Synth 8-3331] design miniRV_SoC has unconnected port led[3]
WARNING: [Synth 8-3331] design miniRV_SoC has unconnected port led[2]
WARNING: [Synth 8-3331] design miniRV_SoC has unconnected port led[1]
WARNING: [Synth 8-3331] design miniRV_SoC has unconnected port led[0]
WARNING: [Synth 8-3331] design miniRV_SoC has unconnected port sw[23]
WARNING: [Synth 8-3331] design miniRV_SoC has unconnected port sw[22]
WARNING: [Synth 8-3331] design miniRV_SoC has unconnected port sw[21]
WARNING: [Synth 8-3331] design miniRV_SoC has unconnected port sw[20]
WARNING: [Synth 8-3331] design miniRV_SoC has unconnected port sw[19]
WARNING: [Synth 8-3331] design miniRV_SoC has unconnected port sw[18]
WARNING: [Synth 8-3331] design miniRV_SoC has unconnected port sw[17]
WARNING: [Synth 8-3331] design miniRV_SoC has unconnected port sw[16]
WARNING: [Synth 8-3331] design miniRV_SoC has unconnected port sw[15]
WARNING: [Synth 8-3331] design miniRV_SoC has unconnected port sw[14]
WARNING: [Synth 8-3331] design miniRV_SoC has unconnected port sw[13]
WARNING: [Synth 8-3331] design miniRV_SoC has unconnected port sw[12]
WARNING: [Synth 8-3331] design miniRV_SoC has unconnected port sw[11]
WARNING: [Synth 8-3331] design miniRV_SoC has unconnected port sw[10]
WARNING: [Synth 8-3331] design miniRV_SoC has unconnected port sw[9]
WARNING: [Synth 8-3331] design miniRV_SoC has unconnected port sw[8]
WARNING: [Synth 8-3331] design miniRV_SoC has unconnected port sw[7]
WARNING: [Synth 8-3331] design miniRV_SoC has unconnected port sw[6]
WARNING: [Synth 8-3331] design miniRV_SoC has unconnected port sw[5]
WARNING: [Synth 8-3331] design miniRV_SoC has unconnected port sw[4]
WARNING: [Synth 8-3331] design miniRV_SoC has unconnected port sw[3]
WARNING: [Synth 8-3331] design miniRV_SoC has unconnected port sw[2]
WARNING: [Synth 8-3331] design miniRV_SoC has unconnected port sw[1]
WARNING: [Synth 8-3331] design miniRV_SoC has unconnected port sw[0]
WARNING: [Synth 8-3331] design miniRV_SoC has unconnected port button[4]
WARNING: [Synth 8-3331] design miniRV_SoC has unconnected port button[3]
WARNING: [Synth 8-3331] design miniRV_SoC has unconnected port button[2]
WARNING: [Synth 8-3331] design miniRV_SoC has unconnected port button[1]
WARNING: [Synth 8-3331] design miniRV_SoC has unconnected port button[0]
---------------------------------------------------------------------------------
Finished RTL Elaboration : Time (s): cpu = 00:00:01 ; elapsed = 00:00:02 . Memory (MB): peak = 1091.148 ; gain = 0.000
---------------------------------------------------------------------------------

Report Check Netlist: 
+------+------------------+-------+---------+-------+------------------+
|      |Item              |Errors |Warnings |Status |Description       |
+------+------------------+-------+---------+-------+------------------+
|1     |multi_driven_nets |      0|        0|Passed |Multi driven nets |
+------+------------------+-------+---------+-------+------------------+
WARNING: [Synth 8-3295] tying undriven pin Bridge:rdata_from_sw[31] to constant 0 [F:/miniRV-HITSZ/miniRV-HITSZ.srcs/sources_1/new/miniRV_SoC.v:107]
WARNING: [Synth 8-3295] tying undriven pin Bridge:rdata_from_sw[30] to constant 0 [F:/miniRV-HITSZ/miniRV-HITSZ.srcs/sources_1/new/miniRV_SoC.v:107]
WARNING: [Synth 8-3295] tying undriven pin Bridge:rdata_from_sw[29] to constant 0 [F:/miniRV-HITSZ/miniRV-HITSZ.srcs/sources_1/new/miniRV_SoC.v:107]
WARNING: [Synth 8-3295] tying undriven pin Bridge:rdata_from_sw[28] to constant 0 [F:/miniRV-HITSZ/miniRV-HITSZ.srcs/sources_1/new/miniRV_SoC.v:107]
WARNING: [Synth 8-3295] tying undriven pin Bridge:rdata_from_sw[27] to constant 0 [F:/miniRV-HITSZ/miniRV-HITSZ.srcs/sources_1/new/miniRV_SoC.v:107]
WARNING: [Synth 8-3295] tying undriven pin Bridge:rdata_from_sw[26] to constant 0 [F:/miniRV-HITSZ/miniRV-HITSZ.srcs/sources_1/new/miniRV_SoC.v:107]
WARNING: [Synth 8-3295] tying undriven pin Bridge:rdata_from_sw[25] to constant 0 [F:/miniRV-HITSZ/miniRV-HITSZ.srcs/sources_1/new/miniRV_SoC.v:107]
WARNING: [Synth 8-3295] tying undriven pin Bridge:rdata_from_sw[24] to constant 0 [F:/miniRV-HITSZ/miniRV-HITSZ.srcs/sources_1/new/miniRV_SoC.v:107]
WARNING: [Synth 8-3295] tying undriven pin Bridge:rdata_from_sw[23] to constant 0 [F:/miniRV-HITSZ/miniRV-HITSZ.srcs/sources_1/new/miniRV_SoC.v:107]
WARNING: [Synth 8-3295] tying undriven pin Bridge:rdata_from_sw[22] to constant 0 [F:/miniRV-HITSZ/miniRV-HITSZ.srcs/sources_1/new/miniRV_SoC.v:107]
WARNING: [Synth 8-3295] tying undriven pin Bridge:rdata_from_sw[21] to constant 0 [F:/miniRV-HITSZ/miniRV-HITSZ.srcs/sources_1/new/miniRV_SoC.v:107]
WARNING: [Synth 8-3295] tying undriven pin Bridge:rdata_from_sw[20] to constant 0 [F:/miniRV-HITSZ/miniRV-HITSZ.srcs/sources_1/new/miniRV_SoC.v:107]
WARNING: [Synth 8-3295] tying undriven pin Bridge:rdata_from_sw[19] to constant 0 [F:/miniRV-HITSZ/miniRV-HITSZ.srcs/sources_1/new/miniRV_SoC.v:107]
WARNING: [Synth 8-3295] tying undriven pin Bridge:rdata_from_sw[18] to constant 0 [F:/miniRV-HITSZ/miniRV-HITSZ.srcs/sources_1/new/miniRV_SoC.v:107]
WARNING: [Synth 8-3295] tying undriven pin Bridge:rdata_from_sw[17] to constant 0 [F:/miniRV-HITSZ/miniRV-HITSZ.srcs/sources_1/new/miniRV_SoC.v:107]
WARNING: [Synth 8-3295] tying undriven pin Bridge:rdata_from_sw[16] to constant 0 [F:/miniRV-HITSZ/miniRV-HITSZ.srcs/sources_1/new/miniRV_SoC.v:107]
WARNING: [Synth 8-3295] tying undriven pin Bridge:rdata_from_sw[15] to constant 0 [F:/miniRV-HITSZ/miniRV-HITSZ.srcs/sources_1/new/miniRV_SoC.v:107]
WARNING: [Synth 8-3295] tying undriven pin Bridge:rdata_from_sw[14] to constant 0 [F:/miniRV-HITSZ/miniRV-HITSZ.srcs/sources_1/new/miniRV_SoC.v:107]
WARNING: [Synth 8-3295] tying undriven pin Bridge:rdata_from_sw[13] to constant 0 [F:/miniRV-HITSZ/miniRV-HITSZ.srcs/sources_1/new/miniRV_SoC.v:107]
WARNING: [Synth 8-3295] tying undriven pin Bridge:rdata_from_sw[12] to constant 0 [F:/miniRV-HITSZ/miniRV-HITSZ.srcs/sources_1/new/miniRV_SoC.v:107]
WARNING: [Synth 8-3295] tying undriven pin Bridge:rdata_from_sw[11] to constant 0 [F:/miniRV-HITSZ/miniRV-HITSZ.srcs/sources_1/new/miniRV_SoC.v:107]
WARNING: [Synth 8-3295] tying undriven pin Bridge:rdata_from_sw[10] to constant 0 [F:/miniRV-HITSZ/miniRV-HITSZ.srcs/sources_1/new/miniRV_SoC.v:107]
WARNING: [Synth 8-3295] tying undriven pin Bridge:rdata_from_sw[9] to constant 0 [F:/miniRV-HITSZ/miniRV-HITSZ.srcs/sources_1/new/miniRV_SoC.v:107]
WARNING: [Synth 8-3295] tying undriven pin Bridge:rdata_from_sw[8] to constant 0 [F:/miniRV-HITSZ/miniRV-HITSZ.srcs/sources_1/new/miniRV_SoC.v:107]
WARNING: [Synth 8-3295] tying undriven pin Bridge:rdata_from_sw[7] to constant 0 [F:/miniRV-HITSZ/miniRV-HITSZ.srcs/sources_1/new/miniRV_SoC.v:107]
WARNING: [Synth 8-3295] tying undriven pin Bridge:rdata_from_sw[6] to constant 0 [F:/miniRV-HITSZ/miniRV-HITSZ.srcs/sources_1/new/miniRV_SoC.v:107]
WARNING: [Synth 8-3295] tying undriven pin Bridge:rdata_from_sw[5] to constant 0 [F:/miniRV-HITSZ/miniRV-HITSZ.srcs/sources_1/new/miniRV_SoC.v:107]
WARNING: [Synth 8-3295] tying undriven pin Bridge:rdata_from_sw[4] to constant 0 [F:/miniRV-HITSZ/miniRV-HITSZ.srcs/sources_1/new/miniRV_SoC.v:107]
WARNING: [Synth 8-3295] tying undriven pin Bridge:rdata_from_sw[3] to constant 0 [F:/miniRV-HITSZ/miniRV-HITSZ.srcs/sources_1/new/miniRV_SoC.v:107]
WARNING: [Synth 8-3295] tying undriven pin Bridge:rdata_from_sw[2] to constant 0 [F:/miniRV-HITSZ/miniRV-HITSZ.srcs/sources_1/new/miniRV_SoC.v:107]
WARNING: [Synth 8-3295] tying undriven pin Bridge:rdata_from_sw[1] to constant 0 [F:/miniRV-HITSZ/miniRV-HITSZ.srcs/sources_1/new/miniRV_SoC.v:107]
WARNING: [Synth 8-3295] tying undriven pin Bridge:rdata_from_sw[0] to constant 0 [F:/miniRV-HITSZ/miniRV-HITSZ.srcs/sources_1/new/miniRV_SoC.v:107]
WARNING: [Synth 8-3295] tying undriven pin Bridge:rdata_from_btn[31] to constant 0 [F:/miniRV-HITSZ/miniRV-HITSZ.srcs/sources_1/new/miniRV_SoC.v:107]
WARNING: [Synth 8-3295] tying undriven pin Bridge:rdata_from_btn[30] to constant 0 [F:/miniRV-HITSZ/miniRV-HITSZ.srcs/sources_1/new/miniRV_SoC.v:107]
WARNING: [Synth 8-3295] tying undriven pin Bridge:rdata_from_btn[29] to constant 0 [F:/miniRV-HITSZ/miniRV-HITSZ.srcs/sources_1/new/miniRV_SoC.v:107]
WARNING: [Synth 8-3295] tying undriven pin Bridge:rdata_from_btn[28] to constant 0 [F:/miniRV-HITSZ/miniRV-HITSZ.srcs/sources_1/new/miniRV_SoC.v:107]
WARNING: [Synth 8-3295] tying undriven pin Bridge:rdata_from_btn[27] to constant 0 [F:/miniRV-HITSZ/miniRV-HITSZ.srcs/sources_1/new/miniRV_SoC.v:107]
WARNING: [Synth 8-3295] tying undriven pin Bridge:rdata_from_btn[26] to constant 0 [F:/miniRV-HITSZ/miniRV-HITSZ.srcs/sources_1/new/miniRV_SoC.v:107]
WARNING: [Synth 8-3295] tying undriven pin Bridge:rdata_from_btn[25] to constant 0 [F:/miniRV-HITSZ/miniRV-HITSZ.srcs/sources_1/new/miniRV_SoC.v:107]
WARNING: [Synth 8-3295] tying undriven pin Bridge:rdata_from_btn[24] to constant 0 [F:/miniRV-HITSZ/miniRV-HITSZ.srcs/sources_1/new/miniRV_SoC.v:107]
WARNING: [Synth 8-3295] tying undriven pin Bridge:rdata_from_btn[23] to constant 0 [F:/miniRV-HITSZ/miniRV-HITSZ.srcs/sources_1/new/miniRV_SoC.v:107]
WARNING: [Synth 8-3295] tying undriven pin Bridge:rdata_from_btn[22] to constant 0 [F:/miniRV-HITSZ/miniRV-HITSZ.srcs/sources_1/new/miniRV_SoC.v:107]
WARNING: [Synth 8-3295] tying undriven pin Bridge:rdata_from_btn[21] to constant 0 [F:/miniRV-HITSZ/miniRV-HITSZ.srcs/sources_1/new/miniRV_SoC.v:107]
WARNING: [Synth 8-3295] tying undriven pin Bridge:rdata_from_btn[20] to constant 0 [F:/miniRV-HITSZ/miniRV-HITSZ.srcs/sources_1/new/miniRV_SoC.v:107]
WARNING: [Synth 8-3295] tying undriven pin Bridge:rdata_from_btn[19] to constant 0 [F:/miniRV-HITSZ/miniRV-HITSZ.srcs/sources_1/new/miniRV_SoC.v:107]
WARNING: [Synth 8-3295] tying undriven pin Bridge:rdata_from_btn[18] to constant 0 [F:/miniRV-HITSZ/miniRV-HITSZ.srcs/sources_1/new/miniRV_SoC.v:107]
WARNING: [Synth 8-3295] tying undriven pin Bridge:rdata_from_btn[17] to constant 0 [F:/miniRV-HITSZ/miniRV-HITSZ.srcs/sources_1/new/miniRV_SoC.v:107]
WARNING: [Synth 8-3295] tying undriven pin Bridge:rdata_from_btn[16] to constant 0 [F:/miniRV-HITSZ/miniRV-HITSZ.srcs/sources_1/new/miniRV_SoC.v:107]
WARNING: [Synth 8-3295] tying undriven pin Bridge:rdata_from_btn[15] to constant 0 [F:/miniRV-HITSZ/miniRV-HITSZ.srcs/sources_1/new/miniRV_SoC.v:107]
WARNING: [Synth 8-3295] tying undriven pin Bridge:rdata_from_btn[14] to constant 0 [F:/miniRV-HITSZ/miniRV-HITSZ.srcs/sources_1/new/miniRV_SoC.v:107]
WARNING: [Synth 8-3295] tying undriven pin Bridge:rdata_from_btn[13] to constant 0 [F:/miniRV-HITSZ/miniRV-HITSZ.srcs/sources_1/new/miniRV_SoC.v:107]
WARNING: [Synth 8-3295] tying undriven pin Bridge:rdata_from_btn[12] to constant 0 [F:/miniRV-HITSZ/miniRV-HITSZ.srcs/sources_1/new/miniRV_SoC.v:107]
WARNING: [Synth 8-3295] tying undriven pin Bridge:rdata_from_btn[11] to constant 0 [F:/miniRV-HITSZ/miniRV-HITSZ.srcs/sources_1/new/miniRV_SoC.v:107]
WARNING: [Synth 8-3295] tying undriven pin Bridge:rdata_from_btn[10] to constant 0 [F:/miniRV-HITSZ/miniRV-HITSZ.srcs/sources_1/new/miniRV_SoC.v:107]
WARNING: [Synth 8-3295] tying undriven pin Bridge:rdata_from_btn[9] to constant 0 [F:/miniRV-HITSZ/miniRV-HITSZ.srcs/sources_1/new/miniRV_SoC.v:107]
WARNING: [Synth 8-3295] tying undriven pin Bridge:rdata_from_btn[8] to constant 0 [F:/miniRV-HITSZ/miniRV-HITSZ.srcs/sources_1/new/miniRV_SoC.v:107]
WARNING: [Synth 8-3295] tying undriven pin Bridge:rdata_from_btn[7] to constant 0 [F:/miniRV-HITSZ/miniRV-HITSZ.srcs/sources_1/new/miniRV_SoC.v:107]
WARNING: [Synth 8-3295] tying undriven pin Bridge:rdata_from_btn[6] to constant 0 [F:/miniRV-HITSZ/miniRV-HITSZ.srcs/sources_1/new/miniRV_SoC.v:107]
WARNING: [Synth 8-3295] tying undriven pin Bridge:rdata_from_btn[5] to constant 0 [F:/miniRV-HITSZ/miniRV-HITSZ.srcs/sources_1/new/miniRV_SoC.v:107]
WARNING: [Synth 8-3295] tying undriven pin Bridge:rdata_from_btn[4] to constant 0 [F:/miniRV-HITSZ/miniRV-HITSZ.srcs/sources_1/new/miniRV_SoC.v:107]
WARNING: [Synth 8-3295] tying undriven pin Bridge:rdata_from_btn[3] to constant 0 [F:/miniRV-HITSZ/miniRV-HITSZ.srcs/sources_1/new/miniRV_SoC.v:107]
WARNING: [Synth 8-3295] tying undriven pin Bridge:rdata_from_btn[2] to constant 0 [F:/miniRV-HITSZ/miniRV-HITSZ.srcs/sources_1/new/miniRV_SoC.v:107]
WARNING: [Synth 8-3295] tying undriven pin Bridge:rdata_from_btn[1] to constant 0 [F:/miniRV-HITSZ/miniRV-HITSZ.srcs/sources_1/new/miniRV_SoC.v:107]
WARNING: [Synth 8-3295] tying undriven pin Bridge:rdata_from_btn[0] to constant 0 [F:/miniRV-HITSZ/miniRV-HITSZ.srcs/sources_1/new/miniRV_SoC.v:107]
---------------------------------------------------------------------------------
Start Handling Custom Attributes
---------------------------------------------------------------------------------
---------------------------------------------------------------------------------
Finished Handling Custom Attributes : Time (s): cpu = 00:00:01 ; elapsed = 00:00:02 . Memory (MB): peak = 1091.148 ; gain = 0.000
---------------------------------------------------------------------------------
---------------------------------------------------------------------------------
Finished RTL Optimization Phase 1 : Time (s): cpu = 00:00:01 ; elapsed = 00:00:02 . Memory (MB): peak = 1091.148 ; gain = 0.000
---------------------------------------------------------------------------------
INFO: [Project 1-454] Reading design checkpoint 'f:/comp2012/Lab2-CPUSoC/proj_miniRV/proj_miniRV/proj_single_cycle/proj_single_cycle.srcs/sources/IROM/IROM.dcp' for cell 'Mem_IROM'
INFO: [Project 1-454] Reading design checkpoint 'f:/comp2012/Lab2-CPUSoC/proj_miniRV/proj_miniRV/proj_single_cycle/proj_single_cycle.srcs/sources/DRAM/DRAM.dcp' for cell 'Mem_DRAM'
INFO: [Netlist 29-17] Analyzing 2432 Unisim elements for replacement
INFO: [Netlist 29-28] Unisim Transformation completed in 1 CPU seconds
INFO: [Project 1-479] Netlist was created with Vivado 2018.3
INFO: [Device 21-403] Loading part xc7a100tfgg484-1
INFO: [Project 1-570] Preparing netlist for logic optimization
INFO: [Opt 31-140] Inserted 1 IBUFs to IO ports without IO buffers.
INFO: [Opt 31-141] Inserted 6 OBUFs to IO ports without IO buffers.

Processing XDC Constraints
Initializing timing engine
Parsing XDC File [F:/miniRV-HITSZ/miniRV-HITSZ.srcs/constrs_1/new/miniRV_clock.xdc]
Finished Parsing XDC File [F:/miniRV-HITSZ/miniRV-HITSZ.srcs/constrs_1/new/miniRV_clock.xdc]
Parsing XDC File [F:/miniRV-HITSZ/miniRV-HITSZ.srcs/constrs_1/new/miniRV_SoC.xdc]
Finished Parsing XDC File [F:/miniRV-HITSZ/miniRV-HITSZ.srcs/constrs_1/new/miniRV_SoC.xdc]
Completed Processing XDC Constraints

INFO: [Opt 31-138] Pushed 0 inverter(s) to 0 load pin(s).
Netlist sorting complete. Time (s): cpu = 00:00:00 ; elapsed = 00:00:00.007 . Memory (MB): peak = 1470.719 ; gain = 0.000
INFO: [Project 1-111] Unisim Transformation Summary:
  A total of 2048 instances were transformed.
  RAM256X1S => RAM256X1S (MUXF7, MUXF7, MUXF8, RAMS64E, RAMS64E, RAMS64E, RAMS64E): 2048 instances

RTL Elaboration Complete:  : Time (s): cpu = 00:00:11 ; elapsed = 00:00:13 . Memory (MB): peak = 1553.012 ; gain = 461.863
45 Infos, 144 Warnings, 0 Critical Warnings and 0 Errors encountered.
synth_design completed successfully
synth_design: Time (s): cpu = 00:00:12 ; elapsed = 00:00:13 . Memory (MB): peak = 1553.012 ; gain = 461.863
reset_run synth_1
launch_runs impl_1 -to_step write_bitstream -jobs 16
[Fri Jul 26 23:42:37 2024] Launched synth_1...
Run output will be captured here: F:/miniRV-HITSZ/miniRV-HITSZ.runs/synth_1/runme.log
[Fri Jul 26 23:42:37 2024] Launched impl_1...
Run output will be captured here: F:/miniRV-HITSZ/miniRV-HITSZ.runs/impl_1/runme.log
exit
INFO: [Common 17-206] Exiting Vivado at Fri Jul 26 23:52:10 2024...
