#-----------------------------------------------------------
# Vivado v2018.3 (64-bit)
# SW Build 2405991 on Thu Dec  6 23:38:27 MST 2018
# IP Build 2404404 on Fri Dec  7 01:43:56 MST 2018
# Start of session at: Thu Jul 25 11:48:43 2024
# Process ID: 23592
# Current directory: F:/miniRV-HITSZ
# Command line: vivado.exe -gui_launcher_event rodinguilauncherevent24232 F:\miniRV-HITSZ\miniRV-HITSZ.xpr
# Log file: F:/miniRV-HITSZ/vivado.log
# Journal file: F:/miniRV-HITSZ\vivado.jou
#-----------------------------------------------------------
start_gui
open_project F:/miniRV-HITSZ/miniRV-HITSZ.xpr
Scanning sources...
Finished scanning sources
INFO: [IP_Flow 19-234] Refreshing IP repositories
INFO: [IP_Flow 19-1704] No user IP repositories specified
INFO: [IP_Flow 19-2313] Loaded Vivado IP repository 'D:/Xilinx/Vivado/2018.3/data/ip'.
WARNING: [IP_Flow 19-3664] IP 'cpuclk' generated file not found 'f:/comp2012/Lab2-CPUSoC/proj_miniRV/proj_miniRV/proj_single_cycle/proj_single_cycle.srcs/sources/cpuclk/cpuclk.dcp'. Please regenerate to continue.
WARNING: [IP_Flow 19-3664] IP 'cpuclk' generated file not found 'f:/comp2012/Lab2-CPUSoC/proj_miniRV/proj_miniRV/proj_single_cycle/proj_single_cycle.srcs/sources/cpuclk/cpuclk_stub.v'. Please regenerate to continue.
WARNING: [IP_Flow 19-3664] IP 'cpuclk' generated file not found 'f:/comp2012/Lab2-CPUSoC/proj_miniRV/proj_miniRV/proj_single_cycle/proj_single_cycle.srcs/sources/cpuclk/cpuclk_stub.vhdl'. Please regenerate to continue.
WARNING: [IP_Flow 19-3664] IP 'cpuclk' generated file not found 'f:/comp2012/Lab2-CPUSoC/proj_miniRV/proj_miniRV/proj_single_cycle/proj_single_cycle.srcs/sources/cpuclk/cpuclk_sim_netlist.v'. Please regenerate to continue.
WARNING: [IP_Flow 19-3664] IP 'cpuclk' generated file not found 'f:/comp2012/Lab2-CPUSoC/proj_miniRV/proj_miniRV/proj_single_cycle/proj_single_cycle.srcs/sources/cpuclk/cpuclk_sim_netlist.vhdl'. Please regenerate to continue.
WARNING: [IP_Flow 19-3664] IP 'IROM' generated file not found 'f:/comp2012/Lab2-CPUSoC/proj_miniRV/proj_miniRV/proj_single_cycle/proj_single_cycle.srcs/sources/IROM/IROM.dcp'. Please regenerate to continue.
WARNING: [IP_Flow 19-3664] IP 'IROM' generated file not found 'f:/comp2012/Lab2-CPUSoC/proj_miniRV/proj_miniRV/proj_single_cycle/proj_single_cycle.srcs/sources/IROM/IROM_stub.v'. Please regenerate to continue.
WARNING: [IP_Flow 19-3664] IP 'IROM' generated file not found 'f:/comp2012/Lab2-CPUSoC/proj_miniRV/proj_miniRV/proj_single_cycle/proj_single_cycle.srcs/sources/IROM/IROM_stub.vhdl'. Please regenerate to continue.
WARNING: [IP_Flow 19-3664] IP 'IROM' generated file not found 'f:/comp2012/Lab2-CPUSoC/proj_miniRV/proj_miniRV/proj_single_cycle/proj_single_cycle.srcs/sources/IROM/IROM_sim_netlist.v'. Please regenerate to continue.
WARNING: [IP_Flow 19-3664] IP 'IROM' generated file not found 'f:/comp2012/Lab2-CPUSoC/proj_miniRV/proj_miniRV/proj_single_cycle/proj_single_cycle.srcs/sources/IROM/IROM_sim_netlist.vhdl'. Please regenerate to continue.
WARNING: [IP_Flow 19-3664] IP 'DRAM' generated file not found 'f:/comp2012/Lab2-CPUSoC/proj_miniRV/proj_miniRV/proj_single_cycle/proj_single_cycle.srcs/sources/DRAM/DRAM.dcp'. Please regenerate to continue.
WARNING: [IP_Flow 19-3664] IP 'DRAM' generated file not found 'f:/comp2012/Lab2-CPUSoC/proj_miniRV/proj_miniRV/proj_single_cycle/proj_single_cycle.srcs/sources/DRAM/DRAM_stub.v'. Please regenerate to continue.
WARNING: [IP_Flow 19-3664] IP 'DRAM' generated file not found 'f:/comp2012/Lab2-CPUSoC/proj_miniRV/proj_miniRV/proj_single_cycle/proj_single_cycle.srcs/sources/DRAM/DRAM_stub.vhdl'. Please regenerate to continue.
WARNING: [IP_Flow 19-3664] IP 'DRAM' generated file not found 'f:/comp2012/Lab2-CPUSoC/proj_miniRV/proj_miniRV/proj_single_cycle/proj_single_cycle.srcs/sources/DRAM/DRAM_sim_netlist.v'. Please regenerate to continue.
WARNING: [IP_Flow 19-3664] IP 'DRAM' generated file not found 'f:/comp2012/Lab2-CPUSoC/proj_miniRV/proj_miniRV/proj_single_cycle/proj_single_cycle.srcs/sources/DRAM/DRAM_sim_netlist.vhdl'. Please regenerate to continue.
open_project: Time (s): cpu = 00:00:05 ; elapsed = 00:00:09 . Memory (MB): peak = 843.078 ; gain = 248.469
update_compile_order -fileset sources_1
close [ open F:/miniRV-HITSZ/miniRV-HITSZ.srcs/sources_1/new/ALU_B.v w ]
add_files F:/miniRV-HITSZ/miniRV-HITSZ.srcs/sources_1/new/ALU_B.v
update_compile_order -fileset sources_1
INFO: [Device 21-403] Loading part xc7a100tfgg484-1
WARNING: [IP_Flow 19-4067] Ignoring invalid widget type specified checkbox.Providing a default widget
WARNING: [IP_Flow 19-4067] Ignoring invalid widget type specified checkbox.Providing a default widget
WARNING: [filemgmt 56-199] Attempt to get parsing info during refresh. "On-the-fly" syntax checking information may be incorrect. [F:/miniRV-HITSZ/miniRV-HITSZ.srcs/sources_1/new/myCPU.v:]
WARNING: [filemgmt 56-199] Attempt to get parsing info during refresh. "On-the-fly" syntax checking information may be incorrect. [F:/miniRV-HITSZ/miniRV-HITSZ.srcs/sources_1/new/ALU.v:]
WARNING: [filemgmt 56-199] Attempt to get parsing info during refresh. "On-the-fly" syntax checking information may be incorrect. [F:/miniRV-HITSZ/miniRV-HITSZ.srcs/sources_1/new/ALU_B.v:]
WARNING: [filemgmt 56-199] Attempt to get parsing info during refresh. "On-the-fly" syntax checking information may be incorrect. [F:/miniRV-HITSZ/miniRV-HITSZ.srcs/sources_1/new/param.v:]
WARNING: [filemgmt 56-199] Attempt to get parsing info during refresh. "On-the-fly" syntax checking information may be incorrect. [F:/miniRV-HITSZ/miniRV-HITSZ.srcs/sources_1/new/myCPU.v:]
WARNING: [filemgmt 56-199] Attempt to get parsing info during refresh. "On-the-fly" syntax checking information may be incorrect. [F:/miniRV-HITSZ/miniRV-HITSZ.srcs/sources_1/new/ALU.v:]
WARNING: [filemgmt 56-199] Attempt to get parsing info during refresh. "On-the-fly" syntax checking information may be incorrect. [F:/miniRV-HITSZ/miniRV-HITSZ.srcs/sources_1/new/ALU_B.v:]
WARNING: [filemgmt 56-199] Attempt to get parsing info during refresh. "On-the-fly" syntax checking information may be incorrect. [F:/miniRV-HITSZ/miniRV-HITSZ.srcs/sources_1/new/param.v:]
WARNING: [filemgmt 56-199] Attempt to get parsing info during refresh. "On-the-fly" syntax checking information may be incorrect. [F:/miniRV-HITSZ/miniRV-HITSZ.srcs/sources_1/new/myCPU.v:]
WARNING: [filemgmt 56-199] Attempt to get parsing info during refresh. "On-the-fly" syntax checking information may be incorrect. [F:/miniRV-HITSZ/miniRV-HITSZ.srcs/sources_1/new/ALU.v:]
WARNING: [filemgmt 56-199] Attempt to get parsing info during refresh. "On-the-fly" syntax checking information may be incorrect. [F:/miniRV-HITSZ/miniRV-HITSZ.srcs/sources_1/new/ALU_B.v:]
WARNING: [filemgmt 56-199] Attempt to get parsing info during refresh. "On-the-fly" syntax checking information may be incorrect. [F:/miniRV-HITSZ/miniRV-HITSZ.srcs/sources_1/new/param.v:]
ERROR: [Common 17-180] Spawn failed: No error
close [ open F:/miniRV-HITSZ/miniRV-HITSZ.srcs/sources_1/new/RF.v w ]
add_files F:/miniRV-HITSZ/miniRV-HITSZ.srcs/sources_1/new/RF.v
update_compile_order -fileset sources_1
close [ open F:/miniRV-HITSZ/miniRV-HITSZ.srcs/sources_1/new/WSEL.v w ]
add_files F:/miniRV-HITSZ/miniRV-HITSZ.srcs/sources_1/new/WSEL.v
update_compile_order -fileset sources_1
close [ open F:/miniRV-HITSZ/miniRV-HITSZ.srcs/sources_1/new/SEXT.v w ]
add_files F:/miniRV-HITSZ/miniRV-HITSZ.srcs/sources_1/new/SEXT.v
update_compile_order -fileset sources_1
close [ open F:/miniRV-HITSZ/miniRV-HITSZ.srcs/sources_1/new/PC.v w ]
add_files F:/miniRV-HITSZ/miniRV-HITSZ.srcs/sources_1/new/PC.v
update_compile_order -fileset sources_1
close [ open F:/miniRV-HITSZ/miniRV-HITSZ.srcs/sources_1/new/NPC.v w ]
add_files F:/miniRV-HITSZ/miniRV-HITSZ.srcs/sources_1/new/NPC.v
update_compile_order -fileset sources_1
update_compile_order -fileset sources_1
update_compile_order -fileset sources_1
update_compile_order -fileset sources_1
reset_run cpuclk_synth_1
reset_run IROM_synth_1
reset_run DRAM_synth_1
launch_runs synth_1 -jobs 16
[Thu Jul 25 23:18:20 2024] Launched cpuclk_synth_1, IROM_synth_1, DRAM_synth_1...
Run output will be captured here:
cpuclk_synth_1: F:/miniRV-HITSZ/miniRV-HITSZ.runs/cpuclk_synth_1/runme.log
IROM_synth_1: F:/miniRV-HITSZ/miniRV-HITSZ.runs/IROM_synth_1/runme.log
DRAM_synth_1: F:/miniRV-HITSZ/miniRV-HITSZ.runs/DRAM_synth_1/runme.log
[Thu Jul 25 23:18:20 2024] Launched synth_1...
Run output will be captured here: F:/miniRV-HITSZ/miniRV-HITSZ.runs/synth_1/runme.log
exit
INFO: [Common 17-206] Exiting Vivado at Thu Jul 25 23:35:13 2024...
