#-----------------------------------------------------------
# Vivado v2018.3 (64-bit)
# SW Build 2405991 on Thu Dec  6 23:38:27 MST 2018
# IP Build 2404404 on Fri Dec  7 01:43:56 MST 2018
# Start of session at: Sat Jul 27 20:30:43 2024
# Process ID: 14784
# Current directory: F:/miniRV-HITSZ
# Command line: vivado.exe -gui_launcher_event rodinguilauncherevent1588 F:\miniRV-HITSZ\miniRV-HITSZ.xpr
# Log file: F:/miniRV-HITSZ/vivado.log
# Journal file: F:/miniRV-HITSZ\vivado.jou
#-----------------------------------------------------------
start_gui
open_project F:/miniRV-HITSZ/miniRV-HITSZ.xpr
INFO: [Project 1-313] Project file moved from 'F:/comp2012/Lab2-CPUSoC/proj_miniRV/proj_miniRV/miniRV-HITSZ' since last save.
Scanning sources...
Finished scanning sources
WARNING: [filemgmt 56-2] IPUserFilesDir: Could not find the directory 'F:/miniRV-HITSZ/miniRV-HITSZ.ip_user_files', nor could it be found using path 'F:/comp2012/Lab2-CPUSoC/proj_miniRV/proj_miniRV/miniRV-HITSZ/miniRV-HITSZ.ip_user_files'.
INFO: [IP_Flow 19-234] Refreshing IP repositories
INFO: [IP_Flow 19-1704] No user IP repositories specified
INFO: [IP_Flow 19-2313] Loaded Vivado IP repository 'D:/Xilinx/Vivado/2018.3/data/ip'.
open_project: Time (s): cpu = 00:00:04 ; elapsed = 00:00:09 . Memory (MB): peak = 837.793 ; gain = 194.828
update_compile_order -fileset sources_1
WARNING: [filemgmt 56-199] Attempt to get parsing info during refresh. "On-the-fly" syntax checking information may be incorrect. [F:/miniRV-HITSZ/miniRV-HITSZ.srcs/sources_1/new/myCPU.v:]
WARNING: [filemgmt 56-199] Attempt to get parsing info during refresh. "On-the-fly" syntax checking information may be incorrect. [F:/miniRV-HITSZ/miniRV-HITSZ.srcs/sources_1/new/miniRV_SoC.v:]
WARNING: [filemgmt 56-199] Attempt to get parsing info during refresh. "On-the-fly" syntax checking information may be incorrect. [F:/miniRV-HITSZ/miniRV-HITSZ.srcs/sources_1/new/defines.vh:]
WARNING: [filemgmt 56-199] Attempt to get parsing info during refresh. "On-the-fly" syntax checking information may be incorrect. [F:/miniRV-HITSZ/miniRV-HITSZ.srcs/sources_1/new/myCPU.v:]
WARNING: [filemgmt 56-199] Attempt to get parsing info during refresh. "On-the-fly" syntax checking information may be incorrect. [F:/miniRV-HITSZ/miniRV-HITSZ.srcs/sources_1/new/miniRV_SoC.v:]
WARNING: [filemgmt 56-199] Attempt to get parsing info during refresh. "On-the-fly" syntax checking information may be incorrect. [F:/miniRV-HITSZ/miniRV-HITSZ.srcs/sources_1/new/defines.vh:]
ERROR: [Common 17-180] Spawn failed: No error
exit
INFO: [Common 17-206] Exiting Vivado at Sun Jul 28 00:50:57 2024...
