#-----------------------------------------------------------
# Vivado v2018.3 (64-bit)
# SW Build 2405991 on Thu Dec  6 23:38:27 MST 2018
# IP Build 2404404 on Fri Dec  7 01:43:56 MST 2018
# Start of session at: Sun Jul 28 15:03:05 2024
# Process ID: 28704
# Current directory: F:/miniRV-HITSZ
# Command line: vivado.exe -gui_launcher_event rodinguilauncherevent23304 F:\miniRV-HITSZ\miniRV-HITSZ.xpr
# Log file: F:/miniRV-HITSZ/vivado.log
# Journal file: F:/miniRV-HITSZ\vivado.jou
#-----------------------------------------------------------
start_gui
open_project F:/miniRV-HITSZ/miniRV-HITSZ.xpr
Scanning sources...
Finished scanning sources
INFO: [IP_Flow 19-234] Refreshing IP repositories
INFO: [IP_Flow 19-1704] No user IP repositories specified
INFO: [IP_Flow 19-2313] Loaded Vivado IP repository 'D:/Xilinx/Vivado/2018.3/data/ip'.
open_project: Time (s): cpu = 00:00:05 ; elapsed = 00:00:09 . Memory (MB): peak = 956.516 ; gain = 77.871
update_compile_order -fileset sources_1
close [ open F:/miniRV-HITSZ/miniRV-HITSZ.srcs/sources_1/new/PC.v w ]
add_files F:/miniRV-HITSZ/miniRV-HITSZ.srcs/sources_1/new/PC.v
update_compile_order -fileset sources_1
close [ open F:/miniRV-HITSZ/miniRV-HITSZ.srcs/sources_1/new/PC_ADD.v w ]
add_files F:/miniRV-HITSZ/miniRV-HITSZ.srcs/sources_1/new/PC_ADD.v
update_compile_order -fileset sources_1
close [ open F:/miniRV-HITSZ/miniRV-HITSZ.srcs/sources_1/new/NPC_MUX.v w ]
add_files F:/miniRV-HITSZ/miniRV-HITSZ.srcs/sources_1/new/NPC_MUX.v
update_compile_order -fileset sources_1
set_property is_global_include true [get_files  F:/miniRV-HITSZ/miniRV-HITSZ.srcs/sources_1/new/defines.vh]
close [ open F:/miniRV-HITSZ/miniRV-HITSZ.srcs/sources_1/new/IF_ID.v w ]
add_files F:/miniRV-HITSZ/miniRV-HITSZ.srcs/sources_1/new/IF_ID.v
update_compile_order -fileset sources_1
close [ open F:/miniRV-HITSZ/miniRV-HITSZ.srcs/sources_1/new/Detect_RAW.v w ]
add_files F:/miniRV-HITSZ/miniRV-HITSZ.srcs/sources_1/new/Detect_RAW.v
update_compile_order -fileset sources_1
close [ open F:/miniRV-HITSZ/miniRV-HITSZ.srcs/sources_1/new/Process_RAW.v w ]
add_files F:/miniRV-HITSZ/miniRV-HITSZ.srcs/sources_1/new/Process_RAW.v
update_compile_order -fileset sources_1
close [ open F:/miniRV-HITSZ/miniRV-HITSZ.srcs/sources_1/new/RF.v w ]
add_files F:/miniRV-HITSZ/miniRV-HITSZ.srcs/sources_1/new/RF.v
update_compile_order -fileset sources_1
close [ open F:/miniRV-HITSZ/miniRV-HITSZ.srcs/sources_1/new/IMM_GEN.v w ]
add_files F:/miniRV-HITSZ/miniRV-HITSZ.srcs/sources_1/new/IMM_GEN.v
update_compile_order -fileset sources_1
close [ open F:/miniRV-HITSZ/miniRV-HITSZ.srcs/sources_1/new/Controler.v w ]
add_files F:/miniRV-HITSZ/miniRV-HITSZ.srcs/sources_1/new/Controler.v
update_compile_order -fileset sources_1
close [ open F:/miniRV-HITSZ/miniRV-HITSZ.srcs/sources_1/new/ID_EXE.v w ]
add_files F:/miniRV-HITSZ/miniRV-HITSZ.srcs/sources_1/new/ID_EXE.v
update_compile_order -fileset sources_1
close [ open F:/miniRV-HITSZ/miniRV-HITSZ.srcs/sources_1/new/ALU.v w ]
add_files F:/miniRV-HITSZ/miniRV-HITSZ.srcs/sources_1/new/ALU.v
update_compile_order -fileset sources_1
close [ open F:/miniRV-HITSZ/miniRV-HITSZ.srcs/sources_1/new/AMUX.v w ]
add_files F:/miniRV-HITSZ/miniRV-HITSZ.srcs/sources_1/new/AMUX.v
update_compile_order -fileset sources_1
close [ open F:/miniRV-HITSZ/miniRV-HITSZ.srcs/sources_1/new/BMUX.v w ]
add_files F:/miniRV-HITSZ/miniRV-HITSZ.srcs/sources_1/new/BMUX.v
update_compile_order -fileset sources_1
close [ open F:/miniRV-HITSZ/miniRV-HITSZ.srcs/sources_1/new/BCOMP.v w ]
add_files F:/miniRV-HITSZ/miniRV-HITSZ.srcs/sources_1/new/BCOMP.v
update_compile_order -fileset sources_1
close [ open F:/miniRV-HITSZ/miniRV-HITSZ.srcs/sources_1/new/EXE_MEM.v w ]
add_files F:/miniRV-HITSZ/miniRV-HITSZ.srcs/sources_1/new/EXE_MEM.v
update_compile_order -fileset sources_1
close [ open F:/miniRV-HITSZ/miniRV-HITSZ.srcs/sources_1/new/MEM_WB.v w ]
add_files F:/miniRV-HITSZ/miniRV-HITSZ.srcs/sources_1/new/MEM_WB.v
update_compile_order -fileset sources_1
close [ open F:/miniRV-HITSZ/miniRV-HITSZ.srcs/sources_1/new/WB_MUX.v w ]
add_files F:/miniRV-HITSZ/miniRV-HITSZ.srcs/sources_1/new/WB_MUX.v
update_compile_order -fileset sources_1
set_property -dict [list CONFIG.CLKOUT1_REQUESTED_OUT_FREQ {100} CONFIG.MMCM_DIVCLK_DIVIDE {1} CONFIG.MMCM_CLKFBOUT_MULT_F {9} CONFIG.MMCM_CLKOUT0_DIVIDE_F {9} CONFIG.CLKOUT1_JITTER {137.681} CONFIG.CLKOUT1_PHASE_ERROR {105.461}] [get_ips cpuclk]
generate_target all [get_files  F:/miniRV-HITSZ/miniRV-HITSZ.srcs/sources_1/ip/cpuclk/cpuclk.xci]
INFO: [IP_Flow 19-1686] Generating 'Instantiation Template' target for IP 'cpuclk'...
INFO: [IP_Flow 19-1686] Generating 'Synthesis' target for IP 'cpuclk'...
INFO: [IP_Flow 19-1686] Generating 'Simulation' target for IP 'cpuclk'...
INFO: [IP_Flow 19-1686] Generating 'Implementation' target for IP 'cpuclk'...
INFO: [IP_Flow 19-1686] Generating 'Change Log' target for IP 'cpuclk'...
catch { config_ip_cache -export [get_ips -all cpuclk] }
export_ip_user_files -of_objects [get_files F:/miniRV-HITSZ/miniRV-HITSZ.srcs/sources_1/ip/cpuclk/cpuclk.xci] -no_script -sync -force -quiet
reset_run cpuclk_synth_1
launch_runs -jobs 16 cpuclk_synth_1
[Sun Jul 28 16:57:56 2024] Launched cpuclk_synth_1...
Run output will be captured here: F:/miniRV-HITSZ/miniRV-HITSZ.runs/cpuclk_synth_1/runme.log
export_simulation -of_objects [get_files F:/miniRV-HITSZ/miniRV-HITSZ.srcs/sources_1/ip/cpuclk/cpuclk.xci] -directory F:/miniRV-HITSZ/miniRV-HITSZ.ip_user_files/sim_scripts -ip_user_files_dir F:/miniRV-HITSZ/miniRV-HITSZ.ip_user_files -ipstatic_source_dir F:/miniRV-HITSZ/miniRV-HITSZ.ip_user_files/ipstatic -lib_map_path [list {modelsim=F:/miniRV-HITSZ/miniRV-HITSZ.cache/compile_simlib/modelsim} {questa=F:/miniRV-HITSZ/miniRV-HITSZ.cache/compile_simlib/questa} {riviera=F:/miniRV-HITSZ/miniRV-HITSZ.cache/compile_simlib/riviera} {activehdl=F:/miniRV-HITSZ/miniRV-HITSZ.cache/compile_simlib/activehdl}] -use_ip_compiled_libs -force -quiet
launch_runs impl_1 -to_step write_bitstream -jobs 16
[Sun Jul 28 16:58:06 2024] Launched synth_1...
Run output will be captured here: F:/miniRV-HITSZ/miniRV-HITSZ.runs/synth_1/runme.log
[Sun Jul 28 16:58:06 2024] Launched impl_1...
Run output will be captured here: F:/miniRV-HITSZ/miniRV-HITSZ.runs/impl_1/runme.log
reset_run synth_1
launch_runs impl_1 -to_step write_bitstream -jobs 16
[Sun Jul 28 16:59:43 2024] Launched synth_1...
Run output will be captured here: F:/miniRV-HITSZ/miniRV-HITSZ.runs/synth_1/runme.log
[Sun Jul 28 16:59:43 2024] Launched impl_1...
Run output will be captured here: F:/miniRV-HITSZ/miniRV-HITSZ.runs/impl_1/runme.log
exit
INFO: [Common 17-206] Exiting Vivado at Sun Jul 28 17:01:17 2024...
