#-----------------------------------------------------------
# Vivado v2018.3 (64-bit)
# SW Build 2405991 on Thu Dec  6 23:38:27 MST 2018
# IP Build 2404404 on Fri Dec  7 01:43:56 MST 2018
# Start of session at: Sun Jul 28 10:09:40 2024
# Process ID: 20056
# Current directory: F:/miniRV-HITSZ
# Command line: vivado.exe -gui_launcher_event rodinguilauncherevent10844 F:\miniRV-HITSZ\miniRV-HITSZ.xpr
# Log file: F:/miniRV-HITSZ/vivado.log
# Journal file: F:/miniRV-HITSZ\vivado.jou
#-----------------------------------------------------------
start_gui
open_project F:/miniRV-HITSZ/miniRV-HITSZ.xpr
Scanning sources...
Finished scanning sources
WARNING: [filemgmt 56-3] IPUserFilesDir: Could not find the directory 'F:/miniRV-HITSZ/miniRV-HITSZ.ip_user_files'.
INFO: [IP_Flow 19-234] Refreshing IP repositories
INFO: [IP_Flow 19-1704] No user IP repositories specified
INFO: [IP_Flow 19-2313] Loaded Vivado IP repository 'D:/Xilinx/Vivado/2018.3/data/ip'.
open_project: Time (s): cpu = 00:00:04 ; elapsed = 00:00:05 . Memory (MB): peak = 842.551 ; gain = 198.438
update_compile_order -fileset sources_1
create_ip -name clk_wiz -vendor xilinx.com -library ip -version 6.0 -module_name cpuclk -dir f:/miniRV-HITSZ/miniRV-HITSZ.srcs/sources_1/ip
set_property -dict [list CONFIG.Component_Name {cpuclk} CONFIG.PRIMITIVE {PLL} CONFIG.CLKOUT1_REQUESTED_OUT_FREQ {25} CONFIG.USE_RESET {false} CONFIG.CLKOUT1_DRIVES {BUFG} CONFIG.CLKOUT2_DRIVES {BUFG} CONFIG.CLKOUT3_DRIVES {BUFG} CONFIG.CLKOUT4_DRIVES {BUFG} CONFIG.CLKOUT5_DRIVES {BUFG} CONFIG.CLKOUT6_DRIVES {BUFG} CONFIG.CLKOUT7_DRIVES {BUFG} CONFIG.MMCM_DIVCLK_DIVIDE {4} CONFIG.MMCM_CLKFBOUT_MULT_F {33} CONFIG.MMCM_COMPENSATION {ZHOLD} CONFIG.MMCM_CLKOUT0_DIVIDE_F {33} CONFIG.CLKOUT1_JITTER {352.369} CONFIG.CLKOUT1_PHASE_ERROR {261.747}] [get_ips cpuclk]
WARNING: [Vivado 12-3523] Attempt to change 'Component_Name' from 'cpuclk' to 'cpuclk' is not allowed and is ignored.
generate_target {instantiation_template} [get_files f:/miniRV-HITSZ/miniRV-HITSZ.srcs/sources_1/ip/cpuclk/cpuclk.xci]
INFO: [IP_Flow 19-1686] Generating 'Instantiation Template' target for IP 'cpuclk'...
generate_target all [get_files  f:/miniRV-HITSZ/miniRV-HITSZ.srcs/sources_1/ip/cpuclk/cpuclk.xci]
INFO: [IP_Flow 19-1686] Generating 'Synthesis' target for IP 'cpuclk'...
INFO: [IP_Flow 19-1686] Generating 'Simulation' target for IP 'cpuclk'...
INFO: [IP_Flow 19-1686] Generating 'Implementation' target for IP 'cpuclk'...
INFO: [IP_Flow 19-1686] Generating 'Change Log' target for IP 'cpuclk'...
catch { config_ip_cache -export [get_ips -all cpuclk] }
export_ip_user_files -of_objects [get_files f:/miniRV-HITSZ/miniRV-HITSZ.srcs/sources_1/ip/cpuclk/cpuclk.xci] -no_script -sync -force -quiet
create_ip_run [get_files -of_objects [get_fileset sources_1] f:/miniRV-HITSZ/miniRV-HITSZ.srcs/sources_1/ip/cpuclk/cpuclk.xci]
launch_runs -jobs 8 cpuclk_synth_1
[Sun Jul 28 10:17:10 2024] Launched cpuclk_synth_1...
Run output will be captured here: F:/miniRV-HITSZ/miniRV-HITSZ.runs/cpuclk_synth_1/runme.log
export_simulation -of_objects [get_files f:/miniRV-HITSZ/miniRV-HITSZ.srcs/sources_1/ip/cpuclk/cpuclk.xci] -directory F:/miniRV-HITSZ/miniRV-HITSZ.ip_user_files/sim_scripts -ip_user_files_dir F:/miniRV-HITSZ/miniRV-HITSZ.ip_user_files -ipstatic_source_dir F:/miniRV-HITSZ/miniRV-HITSZ.ip_user_files/ipstatic -lib_map_path [list {modelsim=F:/miniRV-HITSZ/miniRV-HITSZ.cache/compile_simlib/modelsim} {questa=F:/miniRV-HITSZ/miniRV-HITSZ.cache/compile_simlib/questa} {riviera=F:/miniRV-HITSZ/miniRV-HITSZ.cache/compile_simlib/riviera} {activehdl=F:/miniRV-HITSZ/miniRV-HITSZ.cache/compile_simlib/activehdl}] -use_ip_compiled_libs -force -quiet
create_ip -name dist_mem_gen -vendor xilinx.com -library ip -version 8.0 -module_name IROM -dir f:/miniRV-HITSZ/miniRV-HITSZ.srcs/sources_1/ip
set_property -dict [list CONFIG.depth {16384} CONFIG.data_width {32} CONFIG.Component_Name {IROM} CONFIG.memory_type {rom}] [get_ips IROM]
WARNING: [Vivado 12-3523] Attempt to change 'Component_Name' from 'IROM' to 'IROM' is not allowed and is ignored.
generate_target {instantiation_template} [get_files f:/miniRV-HITSZ/miniRV-HITSZ.srcs/sources_1/ip/IROM/IROM.xci]
INFO: [IP_Flow 19-1686] Generating 'Instantiation Template' target for IP 'IROM'...
update_compile_order -fileset sources_1
generate_target all [get_files  f:/miniRV-HITSZ/miniRV-HITSZ.srcs/sources_1/ip/IROM/IROM.xci]
INFO: [IP_Flow 19-1686] Generating 'Synthesis' target for IP 'IROM'...
INFO: [IP_Flow 19-1686] Generating 'Simulation' target for IP 'IROM'...
INFO: [IP_Flow 19-1686] Generating 'Change Log' target for IP 'IROM'...
catch { config_ip_cache -export [get_ips -all IROM] }
export_ip_user_files -of_objects [get_files f:/miniRV-HITSZ/miniRV-HITSZ.srcs/sources_1/ip/IROM/IROM.xci] -no_script -sync -force -quiet
create_ip_run [get_files -of_objects [get_fileset sources_1] f:/miniRV-HITSZ/miniRV-HITSZ.srcs/sources_1/ip/IROM/IROM.xci]
launch_runs -jobs 16 IROM_synth_1
[Sun Jul 28 10:18:31 2024] Launched IROM_synth_1...
Run output will be captured here: F:/miniRV-HITSZ/miniRV-HITSZ.runs/IROM_synth_1/runme.log
export_simulation -of_objects [get_files f:/miniRV-HITSZ/miniRV-HITSZ.srcs/sources_1/ip/IROM/IROM.xci] -directory F:/miniRV-HITSZ/miniRV-HITSZ.ip_user_files/sim_scripts -ip_user_files_dir F:/miniRV-HITSZ/miniRV-HITSZ.ip_user_files -ipstatic_source_dir F:/miniRV-HITSZ/miniRV-HITSZ.ip_user_files/ipstatic -lib_map_path [list {modelsim=F:/miniRV-HITSZ/miniRV-HITSZ.cache/compile_simlib/modelsim} {questa=F:/miniRV-HITSZ/miniRV-HITSZ.cache/compile_simlib/questa} {riviera=F:/miniRV-HITSZ/miniRV-HITSZ.cache/compile_simlib/riviera} {activehdl=F:/miniRV-HITSZ/miniRV-HITSZ.cache/compile_simlib/activehdl}] -use_ip_compiled_libs -force -quiet
create_ip -name dist_mem_gen -vendor xilinx.com -library ip -version 8.0 -module_name DRAM -dir f:/miniRV-HITSZ/miniRV-HITSZ.srcs/sources_1/ip
set_property -dict [list CONFIG.depth {16384} CONFIG.data_width {32} CONFIG.Component_Name {DRAM} CONFIG.input_options {non_registered}] [get_ips DRAM]
WARNING: [Vivado 12-3523] Attempt to change 'Component_Name' from 'DRAM' to 'DRAM' is not allowed and is ignored.
generate_target {instantiation_template} [get_files f:/miniRV-HITSZ/miniRV-HITSZ.srcs/sources_1/ip/DRAM/DRAM.xci]
INFO: [IP_Flow 19-1686] Generating 'Instantiation Template' target for IP 'DRAM'...
generate_target all [get_files  f:/miniRV-HITSZ/miniRV-HITSZ.srcs/sources_1/ip/DRAM/DRAM.xci]
INFO: [IP_Flow 19-1686] Generating 'Synthesis' target for IP 'DRAM'...
INFO: [IP_Flow 19-1686] Generating 'Simulation' target for IP 'DRAM'...
INFO: [IP_Flow 19-1686] Generating 'Change Log' target for IP 'DRAM'...
catch { config_ip_cache -export [get_ips -all DRAM] }
export_ip_user_files -of_objects [get_files f:/miniRV-HITSZ/miniRV-HITSZ.srcs/sources_1/ip/DRAM/DRAM.xci] -no_script -sync -force -quiet
create_ip_run [get_files -of_objects [get_fileset sources_1] f:/miniRV-HITSZ/miniRV-HITSZ.srcs/sources_1/ip/DRAM/DRAM.xci]
launch_runs -jobs 16 DRAM_synth_1
[Sun Jul 28 10:21:27 2024] Launched DRAM_synth_1...
Run output will be captured here: F:/miniRV-HITSZ/miniRV-HITSZ.runs/DRAM_synth_1/runme.log
export_simulation -of_objects [get_files f:/miniRV-HITSZ/miniRV-HITSZ.srcs/sources_1/ip/DRAM/DRAM.xci] -directory F:/miniRV-HITSZ/miniRV-HITSZ.ip_user_files/sim_scripts -ip_user_files_dir F:/miniRV-HITSZ/miniRV-HITSZ.ip_user_files -ipstatic_source_dir F:/miniRV-HITSZ/miniRV-HITSZ.ip_user_files/ipstatic -lib_map_path [list {modelsim=F:/miniRV-HITSZ/miniRV-HITSZ.cache/compile_simlib/modelsim} {questa=F:/miniRV-HITSZ/miniRV-HITSZ.cache/compile_simlib/questa} {riviera=F:/miniRV-HITSZ/miniRV-HITSZ.cache/compile_simlib/riviera} {activehdl=F:/miniRV-HITSZ/miniRV-HITSZ.cache/compile_simlib/activehdl}] -use_ip_compiled_libs -force -quiet
close [ open F:/miniRV-HITSZ/miniRV-HITSZ.srcs/sources_1/new/Buttons.v w ]
add_files F:/miniRV-HITSZ/miniRV-HITSZ.srcs/sources_1/new/Buttons.v
close [ open F:/miniRV-HITSZ/miniRV-HITSZ.srcs/sources_1/new/Switches.v w ]
add_files F:/miniRV-HITSZ/miniRV-HITSZ.srcs/sources_1/new/Switches.v
close [ open F:/miniRV-HITSZ/miniRV-HITSZ.srcs/sources_1/new/Digital_trans.v w ]
add_files F:/miniRV-HITSZ/miniRV-HITSZ.srcs/sources_1/new/Digital_trans.v
close [ open F:/miniRV-HITSZ/miniRV-HITSZ.srcs/sources_1/new/Led_Devices.v w ]
add_files F:/miniRV-HITSZ/miniRV-HITSZ.srcs/sources_1/new/Led_Devices.v
close [ open F:/miniRV-HITSZ/miniRV-HITSZ.srcs/sources_1/new/Digital.v w ]
add_files F:/miniRV-HITSZ/miniRV-HITSZ.srcs/sources_1/new/Digital.v
update_compile_order -fileset sources_1
export_ip_user_files -of_objects  [get_files F:/miniRV-HITSZ/miniRV-HITSZ.srcs/sources_1/new/Digital.v] -no_script -reset -force -quiet
remove_files  F:/miniRV-HITSZ/miniRV-HITSZ.srcs/sources_1/new/Digital.v
remove_files  F:/miniRV-HITSZ/miniRV-HITSZ.srcs/sources_1/new/Digital.v
WARNING: [Vivado 12-818] No files matched 'F:/miniRV-HITSZ/miniRV-HITSZ.srcs/sources_1/new/Digital.v'
remove_files  F:/miniRV-HITSZ/miniRV-HITSZ.srcs/sources_1/new/Digital.v
WARNING: [Vivado 12-818] No files matched 'F:/miniRV-HITSZ/miniRV-HITSZ.srcs/sources_1/new/Digital.v'
export_ip_user_files -of_objects  [get_files F:/miniRV-HITSZ/miniRV-HITSZ.srcs/sources_1/new/Switches.v] -no_script -reset -force -quiet
remove_files  F:/miniRV-HITSZ/miniRV-HITSZ.srcs/sources_1/new/Switches.v
export_ip_user_files -of_objects  [get_files F:/miniRV-HITSZ/miniRV-HITSZ.srcs/sources_1/new/Led_Devices.v] -no_script -reset -force -quiet
remove_files  F:/miniRV-HITSZ/miniRV-HITSZ.srcs/sources_1/new/Led_Devices.v
export_ip_user_files -of_objects  [get_files F:/miniRV-HITSZ/miniRV-HITSZ.srcs/sources_1/new/Digital_trans.v] -no_script -reset -force -quiet
remove_files  F:/miniRV-HITSZ/miniRV-HITSZ.srcs/sources_1/new/Digital_trans.v
export_ip_user_files -of_objects  [get_files F:/miniRV-HITSZ/miniRV-HITSZ.srcs/sources_1/new/Buttons.v] -no_script -reset -force -quiet
remove_files  F:/miniRV-HITSZ/miniRV-HITSZ.srcs/sources_1/new/Buttons.v
close [ open F:/miniRV-HITSZ/miniRV-HITSZ.srcs/sources_1/new/Buttons.v w ]
add_files F:/miniRV-HITSZ/miniRV-HITSZ.srcs/sources_1/new/Buttons.v
close [ open F:/miniRV-HITSZ/miniRV-HITSZ.srcs/sources_1/new/Led_Devices.v w ]
add_files F:/miniRV-HITSZ/miniRV-HITSZ.srcs/sources_1/new/Led_Devices.v
update_compile_order -fileset sources_1
close [ open F:/miniRV-HITSZ/miniRV-HITSZ.srcs/sources_1/new/Switches.v w ]
add_files F:/miniRV-HITSZ/miniRV-HITSZ.srcs/sources_1/new/Switches.v
update_compile_order -fileset sources_1
close [ open F:/miniRV-HITSZ/miniRV-HITSZ.srcs/sources_1/new/Digital.v w ]
add_files F:/miniRV-HITSZ/miniRV-HITSZ.srcs/sources_1/new/Digital.v
update_compile_order -fileset sources_1
close [ open F:/miniRV-HITSZ/miniRV-HITSZ.srcs/sources_1/new/Digital_trans.v w ]
add_files F:/miniRV-HITSZ/miniRV-HITSZ.srcs/sources_1/new/Digital_trans.v
update_compile_order -fileset sources_1
WARNING: [filemgmt 56-199] Attempt to get parsing info during refresh. "On-the-fly" syntax checking information may be incorrect. [F:/miniRV-HITSZ/miniRV-HITSZ.srcs/sources_1/new/myCPU.v:]
WARNING: [filemgmt 56-199] Attempt to get parsing info during refresh. "On-the-fly" syntax checking information may be incorrect. [F:/miniRV-HITSZ/miniRV-HITSZ.srcs/sources_1/new/miniRV_SoC.v:]
WARNING: [filemgmt 56-199] Attempt to get parsing info during refresh. "On-the-fly" syntax checking information may be incorrect. [F:/miniRV-HITSZ/miniRV-HITSZ.srcs/sources_1/new/Buttons.v:]
WARNING: [filemgmt 56-199] Attempt to get parsing info during refresh. "On-the-fly" syntax checking information may be incorrect. [F:/miniRV-HITSZ/miniRV-HITSZ.srcs/sources_1/new/Led_Devices.v:]
WARNING: [filemgmt 56-199] Attempt to get parsing info during refresh. "On-the-fly" syntax checking information may be incorrect. [F:/miniRV-HITSZ/miniRV-HITSZ.srcs/sources_1/new/Switches.v:]
ERROR: [Common 17-180] Spawn failed: No error
WARNING: [filemgmt 56-199] Attempt to get parsing info during refresh. "On-the-fly" syntax checking information may be incorrect. [F:/miniRV-HITSZ/miniRV-HITSZ.srcs/sources_1/new/myCPU.v:]
WARNING: [filemgmt 56-199] Attempt to get parsing info during refresh. "On-the-fly" syntax checking information may be incorrect. [F:/miniRV-HITSZ/miniRV-HITSZ.srcs/sources_1/new/miniRV_SoC.v:]
WARNING: [filemgmt 56-199] Attempt to get parsing info during refresh. "On-the-fly" syntax checking information may be incorrect. [F:/miniRV-HITSZ/miniRV-HITSZ.srcs/sources_1/new/Buttons.v:]
WARNING: [filemgmt 56-199] Attempt to get parsing info during refresh. "On-the-fly" syntax checking information may be incorrect. [F:/miniRV-HITSZ/miniRV-HITSZ.srcs/sources_1/new/Led_Devices.v:]
WARNING: [filemgmt 56-199] Attempt to get parsing info during refresh. "On-the-fly" syntax checking information may be incorrect. [F:/miniRV-HITSZ/miniRV-HITSZ.srcs/sources_1/new/Switches.v:]
ERROR: [Common 17-180] Spawn failed: No error
update_compile_order -fileset sources_1
close [ open F:/miniRV-HITSZ/miniRV-HITSZ.srcs/sources_1/new/Add.v w ]
add_files F:/miniRV-HITSZ/miniRV-HITSZ.srcs/sources_1/new/Add.v
update_compile_order -fileset sources_1
close [ open F:/miniRV-HITSZ/miniRV-HITSZ.srcs/sources_1/new/CLA_16.v w ]
add_files F:/miniRV-HITSZ/miniRV-HITSZ.srcs/sources_1/new/CLA_16.v
update_compile_order -fileset sources_1
close [ open F:/miniRV-HITSZ/miniRV-HITSZ.srcs/sources_1/new/Adder_4.v w ]
add_files F:/miniRV-HITSZ/miniRV-HITSZ.srcs/sources_1/new/Adder_4.v
update_compile_order -fileset sources_1
close [ open F:/miniRV-HITSZ/miniRV-HITSZ.srcs/sources_1/new/CLA.v w ]
add_files F:/miniRV-HITSZ/miniRV-HITSZ.srcs/sources_1/new/CLA.v
update_compile_order -fileset sources_1
close [ open F:/miniRV-HITSZ/miniRV-HITSZ.srcs/sources_1/new/adder.v w ]
add_files F:/miniRV-HITSZ/miniRV-HITSZ.srcs/sources_1/new/adder.v
update_compile_order -fileset sources_1
close [ open F:/miniRV-HITSZ/miniRV-HITSZ.srcs/sources_1/new/RF.v w ]
add_files F:/miniRV-HITSZ/miniRV-HITSZ.srcs/sources_1/new/RF.v
update_compile_order -fileset sources_1
export_ip_user_files -of_objects  [get_files F:/miniRV-HITSZ/miniRV-HITSZ.srcs/sources_1/new/RF.v] -no_script -reset -force -quiet
remove_files  F:/miniRV-HITSZ/miniRV-HITSZ.srcs/sources_1/new/RF.v
remove_files  F:/miniRV-HITSZ/miniRV-HITSZ.srcs/sources_1/new/RF.v
WARNING: [Vivado 12-818] No files matched 'F:/miniRV-HITSZ/miniRV-HITSZ.srcs/sources_1/new/RF.v'
file delete -force F:/miniRV-HITSZ/miniRV-HITSZ.srcs/sources_1/new/RF.v
exit
INFO: [Common 17-206] Exiting Vivado at Sun Jul 28 15:02:59 2024...
