#-----------------------------------------------------------
# Vivado v2018.3 (64-bit)
# SW Build 2405991 on Thu Dec  6 23:38:27 MST 2018
# IP Build 2404404 on Fri Dec  7 01:43:56 MST 2018
# Start of session at: Wed Jul 31 10:52:38 2024
# Process ID: 18268
# Current directory: F:/miniRV-HITSZ
# Command line: vivado.exe -gui_launcher_event rodinguilauncherevent10404 F:\miniRV-HITSZ\miniRV-HITSZ.xpr
# Log file: F:/miniRV-HITSZ/vivado.log
# Journal file: F:/miniRV-HITSZ\vivado.jou
#-----------------------------------------------------------
start_gui
open_project F:/miniRV-HITSZ/miniRV-HITSZ.xpr
Scanning sources...
Finished scanning sources
INFO: [IP_Flow 19-234] Refreshing IP repositories
INFO: [IP_Flow 19-1704] No user IP repositories specified
INFO: [IP_Flow 19-2313] Loaded Vivado IP repository 'D:/Xilinx/Vivado/2018.3/data/ip'.
open_project: Time (s): cpu = 00:00:05 ; elapsed = 00:00:10 . Memory (MB): peak = 827.688 ; gain = 216.309
update_compile_order -fileset sources_1
exit
INFO: [Common 17-206] Exiting Vivado at Wed Jul 31 13:41:10 2024...
